<?xml version="1.0" encoding="UTF-8"?>
<testng-results skipped="0" failed="0" total="1" passed="1">
  <reporter-output>
  </reporter-output>
  <suite name="Default suite" duration-ms="84" started-at="2018-03-13T11:56:02Z" finished-at="2018-03-13T11:56:02Z">
    <groups>
    </groups>
    <test name="Default test" duration-ms="84" started-at="2018-03-13T11:56:02Z" finished-at="2018-03-13T11:56:02Z">
      <class name="com.demo1.page.demo">
        <test-method status="PASS" signature="test()[pri:0, instance:com.demo1.page.demo@5dfcfece]" name="test" duration-ms="35" started-at="2018-03-13T17:26:02Z" finished-at="2018-03-13T17:26:02Z">
          <reporter-output>
          </reporter-output>
        </test-method> <!-- test -->
      </class> <!-- com.demo1.page.demo -->
    </test> <!-- Default test -->
  </suite> <!-- Default suite -->
</testng-results>
